[2021-09-03 21:13:00.129] [exthost] [info] extension host started
[2021-09-03 21:13:00.198] [exthost] [info] ExtensionService#_doActivateExtension vscode.debug-auto-launch {"startup":true,"extensionId":{"value":"vscode.debug-auto-launch","_lower":"vscode.debug-auto-launch"},"activationEvent":"*"}
[2021-09-03 21:13:00.199] [exthost] [info] ExtensionService#loadCommonJSModule file:///usr/lib/code/extensions/debug-auto-launch/dist/extension
[2021-09-03 21:13:00.203] [exthost] [info] ExtensionService#_doActivateExtension vscode.git {"startup":true,"extensionId":{"value":"vscode.github","_lower":"vscode.github"},"activationEvent":"*"}
[2021-09-03 21:13:00.203] [exthost] [info] ExtensionService#loadCommonJSModule file:///usr/lib/code/extensions/git/dist/main
[2021-09-03 21:13:00.223] [exthost] [info] extension host terminating: renderer closed the socket
[2021-09-03 21:13:00.224] [exthost] [error] Activating extension vscode.debug-auto-launch failed due to an error:
[2021-09-03 21:13:00.224] [exthost] [error] Canceled: Canceled
	at Object.i [as canceled] (/usr/lib/code/out/vs/workbench/services/extensions/node/extensionHostProcess.js:5:1157)
	at /usr/lib/code/out/vs/workbench/services/extensions/node/extensionHostProcess.js:88:8146
	at Array.forEach (<anonymous>)
	at u.dispose (/usr/lib/code/out/vs/workbench/services/extensions/node/extensionHostProcess.js:88:8094)
	at b.terminate (/usr/lib/code/out/vs/workbench/services/extensions/node/extensionHostProcess.js:93:682)
	at h (/usr/lib/code/out/vs/workbench/services/extensions/node/extensionHostProcess.js:103:31703)
	at Socket.<anonymous> (/usr/lib/code/out/vs/workbench/services/extensions/node/extensionHostProcess.js:103:29468)
	at Socket.emit (events.js:327:22)
	at Pipe.<anonymous> (net.js:673:12)
[2021-09-03 21:13:00.224] [exthost] [error] Activating extension vscode.git failed due to an error:
[2021-09-03 21:13:00.224] [exthost] [error] Canceled: Canceled
	at Object.i [as canceled] (/usr/lib/code/out/vs/workbench/services/extensions/node/extensionHostProcess.js:5:1157)
	at /usr/lib/code/out/vs/workbench/services/extensions/node/extensionHostProcess.js:88:8146
	at Array.forEach (<anonymous>)
	at u.dispose (/usr/lib/code/out/vs/workbench/services/extensions/node/extensionHostProcess.js:88:8094)
	at b.terminate (/usr/lib/code/out/vs/workbench/services/extensions/node/extensionHostProcess.js:93:682)
	at h (/usr/lib/code/out/vs/workbench/services/extensions/node/extensionHostProcess.js:103:31703)
	at Socket.<anonymous> (/usr/lib/code/out/vs/workbench/services/extensions/node/extensionHostProcess.js:103:29468)
	at Socket.emit (events.js:327:22)
	at Pipe.<anonymous> (net.js:673:12)
[2021-09-03 21:13:00.225] [exthost] [info] eager extensions activated
[2021-09-03 21:13:00.225] [exthost] [error] Activating extension vscode.emmet failed due to an error:
[2021-09-03 21:13:00.225] [exthost] [error] Canceled: Canceled
	at Object.i [as canceled] (/usr/lib/code/out/vs/workbench/services/extensions/node/extensionHostProcess.js:5:1157)
	at u._remoteCall (/usr/lib/code/out/vs/workbench/services/extensions/node/extensionHostProcess.js:88:12817)
	at Proxy._.<computed>.D.charCodeAt._.<computed> (/usr/lib/code/out/vs/workbench/services/extensions/node/extensionHostProcess.js:88:9349)
	at c._activateExtension (/usr/lib/code/out/vs/workbench/services/extensions/node/extensionHostProcess.js:89:11613)
	at Object.actualActivateExtension (/usr/lib/code/out/vs/workbench/services/extensions/node/extensionHostProcess.js:89:9202)
	at d._activateExtension (/usr/lib/code/out/vs/workbench/services/extensions/node/extensionHostProcess.js:84:97724)
	at /usr/lib/code/out/vs/workbench/services/extensions/node/extensionHostProcess.js:84:97406
	at Array.map (<anonymous>)
	at d._activateExtensions (/usr/lib/code/out/vs/workbench/services/extensions/node/extensionHostProcess.js:84:97394)
	at d.activateById (/usr/lib/code/out/vs/workbench/services/extensions/node/extensionHostProcess.js:84:95024)
	at c._activateById (/usr/lib/code/out/vs/workbench/services/extensions/node/extensionHostProcess.js:89:10204)
	at c._activateOneStartupFinished (/usr/lib/code/out/vs/workbench/services/extensions/node/extensionHostProcess.js:89:15096)
	at c._activateAllStartupFinished (/usr/lib/code/out/vs/workbench/services/extensions/node/extensionHostProcess.js:89:15467)
	at /usr/lib/code/out/vs/workbench/services/extensions/node/extensionHostProcess.js:89:15956
[2021-09-03 21:13:00.225] [exthost] [error] Activating extension vscode.merge-conflict failed due to an error:
[2021-09-03 21:13:00.225] [exthost] [error] Canceled: Canceled
	at Object.i [as canceled] (/usr/lib/code/out/vs/workbench/services/extensions/node/extensionHostProcess.js:5:1157)
	at u._remoteCall (/usr/lib/code/out/vs/workbench/services/extensions/node/extensionHostProcess.js:88:12817)
	at Proxy._.<computed>.D.charCodeAt._.<computed> (/usr/lib/code/out/vs/workbench/services/extensions/node/extensionHostProcess.js:88:9349)
	at c._activateExtension (/usr/lib/code/out/vs/workbench/services/extensions/node/extensionHostProcess.js:89:11613)
	at Object.actualActivateExtension (/usr/lib/code/out/vs/workbench/services/extensions/node/extensionHostProcess.js:89:9202)
	at d._activateExtension (/usr/lib/code/out/vs/workbench/services/extensions/node/extensionHostProcess.js:84:97724)
	at /usr/lib/code/out/vs/workbench/services/extensions/node/extensionHostProcess.js:84:97406
	at Array.map (<anonymous>)
	at d._activateExtensions (/usr/lib/code/out/vs/workbench/services/extensions/node/extensionHostProcess.js:84:97394)
	at d.activateById (/usr/lib/code/out/vs/workbench/services/extensions/node/extensionHostProcess.js:84:95024)
	at c._activateById (/usr/lib/code/out/vs/workbench/services/extensions/node/extensionHostProcess.js:89:10204)
	at c._activateOneStartupFinished (/usr/lib/code/out/vs/workbench/services/extensions/node/extensionHostProcess.js:89:15096)
	at c._activateAllStartupFinished (/usr/lib/code/out/vs/workbench/services/extensions/node/extensionHostProcess.js:89:15467)
	at /usr/lib/code/out/vs/workbench/services/extensions/node/extensionHostProcess.js:89:15956
[2021-09-03 21:13:00.225] [exthost] [error] Activating extension vscode.testing-editor-contributions failed due to an error:
[2021-09-03 21:13:00.225] [exthost] [error] Canceled: Canceled
	at Object.i [as canceled] (/usr/lib/code/out/vs/workbench/services/extensions/node/extensionHostProcess.js:5:1157)
	at u._remoteCall (/usr/lib/code/out/vs/workbench/services/extensions/node/extensionHostProcess.js:88:12817)
	at Proxy._.<computed>.D.charCodeAt._.<computed> (/usr/lib/code/out/vs/workbench/services/extensions/node/extensionHostProcess.js:88:9349)
	at c._activateExtension (/usr/lib/code/out/vs/workbench/services/extensions/node/extensionHostProcess.js:89:11613)
	at Object.actualActivateExtension (/usr/lib/code/out/vs/workbench/services/extensions/node/extensionHostProcess.js:89:9202)
	at d._activateExtension (/usr/lib/code/out/vs/workbench/services/extensions/node/extensionHostProcess.js:84:97724)
	at /usr/lib/code/out/vs/workbench/services/extensions/node/extensionHostProcess.js:84:97406
	at Array.map (<anonymous>)
	at d._activateExtensions (/usr/lib/code/out/vs/workbench/services/extensions/node/extensionHostProcess.js:84:97394)
	at d.activateById (/usr/lib/code/out/vs/workbench/services/extensions/node/extensionHostProcess.js:84:95024)
	at c._activateById (/usr/lib/code/out/vs/workbench/services/extensions/node/extensionHostProcess.js:89:10204)
	at c._activateOneStartupFinished (/usr/lib/code/out/vs/workbench/services/extensions/node/extensionHostProcess.js:89:15096)
	at c._activateAllStartupFinished (/usr/lib/code/out/vs/workbench/services/extensions/node/extensionHostProcess.js:89:15467)
	at /usr/lib/code/out/vs/workbench/services/extensions/node/extensionHostProcess.js:89:15956
[2021-09-03 21:13:01.224] [exthost] [info] exiting with code 0
